[INFO]: Checking for the Wasm target...
[INFO]: Compiling to Wasm...
warning: unused import: `std::borrow::Borrow`
 --> src/lib.rs:3:5
  |
3 | use std::borrow::Borrow;
  |     ^^^^^^^^^^^^^^^^^^^
  |
  = note: `#[warn(unused_imports)]` on by default

warning: unused import: `web_sys::Window`
 --> src/lib.rs:6:5
  |
6 | use web_sys::Window;
  |     ^^^^^^^^^^^^^^^

warning: unused import: `web_sys::window`
 --> src/lib.rs:7:5
  |
7 | use web_sys::window;
  |     ^^^^^^^^^^^^^^^

warning: unused import: `web_sys::Document`
 --> src/lib.rs:9:5
  |
9 | use web_sys::Document;
  |     ^^^^^^^^^^^^^^^^^

warning: unused import: `js_sys::Array`
  --> src/lib.rs:10:5
   |
10 | use js_sys::Array;
   |     ^^^^^^^^^^^^^

warning: unused variable: `id`
  --> src/lib.rs:25:19
   |
25 | pub fn render_app(id: String) -> Result<Element, JsValue> {
   |                   ^^ help: if this is intentional, prefix it with an underscore: `_id`
   |
   = note: `#[warn(unused_variables)]` on by default

warning: function is never used: `set_panic_hook`
 --> src/utils.rs:4:8
  |
4 | pub fn set_panic_hook() {
  |        ^^^^^^^^^^^^^^
  |
  = note: `#[warn(dead_code)]` on by default

warning: variable `wrapperClass` should have a snake case name
  --> src/lib.rs:31:9
   |
31 |     let wrapperClass = to_array(&["asd"]);
   |         ^^^^^^^^^^^^ help: convert the identifier to snake case: `wrapper_class`
   |
   = note: `#[warn(non_snake_case)]` on by default

warning: unused `Result` that must be used
  --> src/lib.rs:32:5
   |
32 |     wrapper.class_list().add(&wrapperClass);
   |     ^^^^^^^^^^^^^^^^^^^^^^^^^^^^^^^^^^^^^^^^
   |
   = note: `#[warn(unused_must_use)]` on by default
   = note: this `Result` may be an `Err` variant, which should be handled

warning: `hello` (lib) generated 9 warnings
    Finished dev [unoptimized + debuginfo] target(s) in 0.02s
[INFO]: Installing wasm-bindgen...
[INFO]: Optional fields missing from Cargo.toml: 'description', 'repository', and 'license'. These are not necessary, but recommended
[INFO]: :-) Done in 0.20s
[INFO]: :-) Your wasm pkg is ready to publish at crates/hello/pkg.
[WARN]: :-) There's a newer version of wasm-pack available, the new version is: 0.10.3, you are using: 0.10.2. To update, navigate to: https://rustwasm.github.io/wasm-pack/installer/
